  partition3.cpp
D:\Data Structures And Agorithms\Algorithmic Toolbox\Week6\partition3\partition3\partition3.cpp(19,10): warning C4018: '>=': signed/unsigned mismatch
D:\Data Structures And Agorithms\Algorithmic Toolbox\Week6\partition3\partition3\partition3.cpp(31,28): warning C4244: 'return': conversion from '_Ty' to 'int', possible loss of data
          with
          [
              _Ty=__int64
          ]
D:\Data Structures And Agorithms\Algorithmic Toolbox\Week6\partition3\partition3\partition3.cpp(34,31): warning C4244: '=': conversion from '_Ty' to 'int', possible loss of data
          with
          [
              _Ty=__int64
          ]
D:\Data Structures And Agorithms\Algorithmic Toolbox\Week6\partition3\partition3\partition3.cpp(36,18): warning C4267: 'initializing': conversion from 'size_t' to 'int', possible loss of data
D:\Data Structures And Agorithms\Algorithmic Toolbox\Week6\partition3\partition3\partition3.cpp(43,31): warning C4244: '-=': conversion from '_Ty' to 'int', possible loss of data
          with
          [
              _Ty=__int64
          ]
D:\Data Structures And Agorithms\Algorithmic Toolbox\Week6\partition3\partition3\partition3.cpp(44,10): warning C4244: '=': conversion from '_Ty' to 'int', possible loss of data
          with
          [
              _Ty=__int64
          ]
D:\Data Structures And Agorithms\Algorithmic Toolbox\Week6\partition3\partition3\partition3.cpp(51,2): warning C4267: 'initializing': conversion from 'size_t' to 'int', possible loss of data
D:\Data Structures And Agorithms\Algorithmic Toolbox\Week6\partition3\partition3\partition3.cpp(69,32): warning C4244: 'argument': conversion from '__int64' to 'int', possible loss of data
D:\Data Structures And Agorithms\Algorithmic Toolbox\Week6\partition3\partition3\partition3.cpp(70,32): warning C4244: 'argument': conversion from '__int64' to 'int', possible loss of data
D:\Data Structures And Agorithms\Algorithmic Toolbox\Week6\partition3\partition3\partition3.cpp(81,30): error C2664: 'bool partition3(std::vector<__int64,std::allocator<__int64>> &)': cannot convert argument 1 from 'std::vector<int,std::allocator<int>>' to 'std::vector<__int64,std::allocator<__int64>> &'
D:\Data Structures And Agorithms\Algorithmic Toolbox\Week6\partition3\partition3\partition3.cpp(59,6): message : see declaration of 'partition3'
